\BOOKMARK [0][-]{chapter*.6}{Acknowledgements}{}% 1
\BOOKMARK [0][-]{chapter*.7}{Preface}{}% 2
\BOOKMARK [1][-]{section*.8}{Motivation}{chapter*.7}% 3
\BOOKMARK [1][-]{section*.9}{Repository}{chapter*.7}% 4
\BOOKMARK [1][-]{section*.10}{Structure}{chapter*.7}% 5
\BOOKMARK [0][-]{chapter.1}{Introduction}{}% 6
\BOOKMARK [1][-]{section.1.1}{Presentation of the problem}{chapter.1}% 7
\BOOKMARK [1][-]{section.1.2}{Aim of the project}{chapter.1}% 8
\BOOKMARK [1][-]{section.1.3}{Extent of project}{chapter.1}% 9
\BOOKMARK [1][-]{section.1.4}{Related works}{chapter.1}% 10
\BOOKMARK [2][-]{subsection.1.4.1}{Grasping by Romeo with visual servoing}{section.1.4}% 11
\BOOKMARK [2][-]{subsection.1.4.2}{MoveIt simple grasps}{section.1.4}% 12
\BOOKMARK [2][-]{subsection.1.4.3}{AGILE grasp}{section.1.4}% 13
\BOOKMARK [2][-]{subsection.1.4.4}{Romeo MoveIt Config}{section.1.4}% 14
\BOOKMARK [2][-]{subsection.1.4.5}{Romeo MoveIt Actions}{section.1.4}% 15
\BOOKMARK [0][-]{chapter.2}{Preliminary studies}{}% 16
\BOOKMARK [1][-]{section.2.1}{Romeo robot}{chapter.2}% 17
\BOOKMARK [2][-]{subsection.2.1.1}{Hardware}{section.2.1}% 18
\BOOKMARK [2][-]{subsection.2.1.2}{NAOqi}{section.2.1}% 19
\BOOKMARK [1][-]{section.2.2}{Software required}{chapter.2}% 20
\BOOKMARK [2][-]{subsection.2.2.1}{ROS \(Robotic Operative System\)}{section.2.2}% 21
\BOOKMARK [2][-]{subsection.2.2.2}{Ros packages for Romeo}{section.2.2}% 22
\BOOKMARK [2][-]{subsection.2.2.3}{V4R \(Vision for Robots\)}{section.2.2}% 23
\BOOKMARK [2][-]{subsection.2.2.4}{Inverse kinematic solvers}{section.2.2}% 24
\BOOKMARK [0][-]{chapter.3}{Design of Romeo grasper package}{}% 25
\BOOKMARK [1][-]{section.3.1}{Get position of the object}{chapter.3}% 26
\BOOKMARK [2][-]{subsection.3.1.1}{Positioning the camera}{section.3.1}% 27
\BOOKMARK [2][-]{subsection.3.1.2}{Calculate the object position}{section.3.1}% 28
\BOOKMARK [1][-]{section.3.2}{Move the hand to object position}{chapter.3}% 29
\BOOKMARK [1][-]{section.3.3}{Configuration and launching}{chapter.3}% 30
\BOOKMARK [0][-]{chapter.4}{Implementation}{}% 31
\BOOKMARK [1][-]{section.4.1}{Model Object class}{chapter.4}% 32
\BOOKMARK [1][-]{section.4.2}{Approach to camera position}{chapter.4}% 33
\BOOKMARK [2][-]{subsection.4.2.1}{Use of pre-known distance}{section.4.2}% 34
\BOOKMARK [2][-]{subsection.4.2.2}{Use of visual recognition}{section.4.2}% 35
\BOOKMARK [1][-]{section.4.3}{Planning and execution of trajectory}{chapter.4}% 36
\BOOKMARK [2][-]{subsection.4.3.1}{Planning pre-grasp}{section.4.3}% 37
\BOOKMARK [2][-]{subsection.4.3.2}{User answer service}{section.4.3}% 38
\BOOKMARK [2][-]{subsection.4.3.3}{Execute pre-grasp plan and picking}{section.4.3}% 39
\BOOKMARK [2][-]{subsection.4.3.4}{RomeoSimulator class}{section.4.3}% 40
\BOOKMARK [1][-]{section.4.4}{Setup of romeo grasper}{chapter.4}% 41
\BOOKMARK [1][-]{section.4.5}{Communication between packages}{chapter.4}% 42
\BOOKMARK [0][-]{chapter.5}{Experiments}{}% 43
\BOOKMARK [1][-]{section.5.1}{Movement in simulation}{chapter.5}% 44
\BOOKMARK [1][-]{section.5.2}{Implementation IKFast on Romeo}{chapter.5}% 45
\BOOKMARK [1][-]{section.5.3}{Get pre-known camera position}{chapter.5}% 46
\BOOKMARK [1][-]{section.5.4}{Visual camera positioning}{chapter.5}% 47
\BOOKMARK [1][-]{section.5.5}{Error produces by the camera positioning}{chapter.5}% 48
\BOOKMARK [0][-]{chapter.6}{Discussion}{}% 49
\BOOKMARK [0][-]{chapter.7}{Future works}{}% 50
\BOOKMARK [1][-]{section.7.1}{Implementation new inverse kinematics}{chapter.7}% 51
\BOOKMARK [1][-]{section.7.2}{Improve use of V4R}{chapter.7}% 52
\BOOKMARK [1][-]{section.7.3}{Dependencies of packages}{chapter.7}% 53
\BOOKMARK [1][-]{section.7.4}{Object identification}{chapter.7}% 54
\BOOKMARK [1][-]{section.7.5}{Fix the Romeo model}{chapter.7}% 55
\BOOKMARK [0][-]{chapter.8}{Conclusion}{}% 56
\BOOKMARK [0][-]{chapter*.57}{References}{}% 57
\BOOKMARK [0][-]{section*.58}{Appendices}{}% 58
\BOOKMARK [0][-]{appendix.A}{Software requirements and installation}{}% 59
\BOOKMARK [1][-]{section.A.1}{Software requirements}{appendix.A}% 60
\BOOKMARK [1][-]{section.A.2}{Camera drivers installation}{appendix.A}% 61
